<?xml version="1.0" encoding="utf-8"?><testsuites name="pytest tests"><testsuite name="pytest" errors="0" failures="0" skipped="0" tests="36" time="8.900" timestamp="2026-04-25T16:02:57.742147+00:00" hostname="agent-env-9ceebdef-3812-419a-8344-4fa013f5d0be"><testcase classname="backend.tests.backend_test.TestAuth" name="test_login_admin_returns_user_and_token" time="0.372" /><testcase classname="backend.tests.backend_test.TestAuth" name="test_login_logistica_tenant_on_token" time="0.330" /><testcase classname="backend.tests.backend_test.TestAuth" name="test_login_invalid" time="0.336" /><testcase classname="backend.tests.backend_test.TestAuth" name="test_me_returns_user" time="0.436" /><testcase classname="backend.tests.backend_test.TestAuth" name="test_me_unauthenticated" time="0.142" /><testcase classname="backend.tests.backend_test.TestAuth" name="test_logout" time="0.111" /><testcase classname="backend.tests.backend_test.TestAuth" name="test_forgot_password_generic_message" time="0.130" /><testcase classname="backend.tests.backend_test.TestDashboard" name="test_kpis_structure_admin" time="0.128" /><testcase classname="backend.tests.backend_test.TestDashboard" name="test_kpis_tenant_isolation_logistica" time="0.549" /><testcase classname="backend.tests.backend_test.TestDashboard" name="test_alerts_returns_list" time="0.114" /><testcase classname="backend.tests.backend_test.TestConsumptions" name="test_list_admin_sees_all" time="0.130" /><testcase classname="backend.tests.backend_test.TestConsumptions" name="test_tenant_isolation_logistica" time="0.114" /><testcase classname="backend.tests.backend_test.TestConsumptions" name="test_filters" time="0.099" /><testcase classname="backend.tests.backend_test.TestEmpresas" name="test_admin_sees_empresas" time="0.112" /><testcase classname="backend.tests.backend_test.TestUsersCRUD" name="test_list_users_requires_admin" time="0.103" /><testcase classname="backend.tests.backend_test.TestUsersCRUD" name="test_create_update_delete_user" time="0.799" /><testcase classname="backend.tests.backend_test.TestInvoices" name="test_logistica_forbidden" time="0.105" /><testcase classname="backend.tests.backend_test.TestInvoices" name="test_admin_list" time="0.106" /><testcase classname="backend.tests.backend_test.TestInvoices" name="test_administrador_tenant_filter" time="0.451" /><testcase classname="backend.tests.backend_test.TestInvoices" name="test_create_update_delete_invoice" time="0.335" /><testcase classname="backend.tests.backend_test.TestControlRequests" name="test_contabilidad_forbidden" time="0.451" /><testcase classname="backend.tests.backend_test.TestControlRequests" name="test_logistica_can_list_and_create" time="0.220" /><testcase classname="backend.tests.backend_test.TestCourses" name="test_list_courses" time="0.128" /><testcase classname="backend.tests.backend_test.TestCourses" name="test_submit_course" time="0.218" /><testcase classname="backend.tests.backend_test.TestUpload" name="test_upload_csv_inserts" time="0.215" /><testcase classname="backend.tests.backend_test.TestUpload" name="test_upload_requires_admin" time="0.105" /><testcase classname="backend.tests.test_qr_dashboard.TestDashboardGasto" name="test_consumo_ciudad_has_gasto" time="0.444" /><testcase classname="backend.tests.test_qr_dashboard.TestDashboardGasto" name="test_consumo_estacion_has_gasto" time="0.110" /><testcase classname="backend.tests.test_qr_dashboard.TestQRBulk" name="test_non_admin_cannot_upload" time="0.447" /><testcase classname="backend.tests.test_qr_dashboard.TestQRBulk" name="test_admin_bulk_upload" time="0.107" /><testcase classname="backend.tests.test_qr_dashboard.TestQRBulk" name="test_qr_list_admin_filtered_by_empresa" time="0.117" /><testcase classname="backend.tests.test_qr_dashboard.TestQRBulk" name="test_qr_list_tenant_isolation" time="0.541" /><testcase classname="backend.tests.test_qr_dashboard.TestQRBulk" name="test_qr_download_lima_user" time="0.119" /><testcase classname="backend.tests.test_qr_dashboard.TestQRBulk" name="test_qr_download_other_tenant_404" time="0.111" /><testcase classname="backend.tests.test_qr_dashboard.TestQRBulk" name="test_admin_delete_qr" time="0.334" /><testcase classname="backend.tests.test_qr_dashboard.TestQRBulk" name="test_delete_unknown_placa_404" time="0.119" /></testsuite></testsuites>