<?xml version="1.0" encoding="utf-8"?><testsuites name="pytest tests"><testsuite name="pytest" errors="9" failures="1" skipped="0" tests="26" time="4.208" timestamp="2026-06-17T16:48:44.454210+00:00" hostname="agent-env-6b9b8be9-efd0-47fc-89da-399a4c95e0c4"><testcase classname="backend.tests.backend_test.TestAuth" name="test_login_admin_returns_user_and_token" time="0.392" /><testcase classname="backend.tests.backend_test.TestAuth" name="test_login_logistica_tenant_on_token" time="0.137"><failure message="assert 401 == 200&#10; +  where 401 = &lt;Response [401]&gt;.status_code">backend/tests/backend_test.py:80: in test_login_logistica_tenant_on_token
    assert r.status_code == 200
E   assert 401 == 200
E    +  where 401 = &lt;Response [401]&gt;.status_code</failure></testcase><testcase classname="backend.tests.backend_test.TestAuth" name="test_login_invalid" time="0.331" /><testcase classname="backend.tests.backend_test.TestAuth" name="test_me_returns_user" time="0.461" /><testcase classname="backend.tests.backend_test.TestAuth" name="test_me_unauthenticated" time="0.115" /><testcase classname="backend.tests.backend_test.TestAuth" name="test_logout" time="0.119" /><testcase classname="backend.tests.backend_test.TestAuth" name="test_forgot_password_generic_message" time="0.099" /><testcase classname="backend.tests.backend_test.TestDashboard" name="test_kpis_structure_admin" time="0.108" /><testcase classname="backend.tests.backend_test.TestDashboard" name="test_kpis_tenant_isolation_logistica" time="0.102"><error message="failed on setup with &quot;AssertionError: Logistica login failed: 401 {&quot;detail&quot;:&quot;Credenciales inválidas&quot;}&#10;assert 401 == 200&#10; +  where 401 = &lt;Response [401]&gt;.status_code&quot;">backend/tests/backend_test.py:50: in logistica_token
    assert r.status_code == 200, f"Logistica login failed: {r.status_code} {r.text}"
E   AssertionError: Logistica login failed: 401 {"detail":"Credenciales inválidas"}
E   assert 401 == 200
E    +  where 401 = &lt;Response [401]&gt;.status_code</error></testcase><testcase classname="backend.tests.backend_test.TestDashboard" name="test_alerts_returns_list" time="0.118" /><testcase classname="backend.tests.backend_test.TestConsumptions" name="test_list_admin_sees_all" time="0.124" /><testcase classname="backend.tests.backend_test.TestConsumptions" name="test_tenant_isolation_logistica" time="0.000"><error message="failed on setup with &quot;AssertionError: Logistica login failed: 401 {&quot;detail&quot;:&quot;Credenciales inválidas&quot;}&#10;assert 401 == 200&#10; +  where 401 = &lt;Response [401]&gt;.status_code&quot;">backend/tests/backend_test.py:50: in logistica_token
    assert r.status_code == 200, f"Logistica login failed: {r.status_code} {r.text}"
E   AssertionError: Logistica login failed: 401 {"detail":"Credenciales inválidas"}
E   assert 401 == 200
E    +  where 401 = &lt;Response [401]&gt;.status_code</error></testcase><testcase classname="backend.tests.backend_test.TestConsumptions" name="test_filters" time="0.113" /><testcase classname="backend.tests.backend_test.TestEmpresas" name="test_admin_sees_empresas" time="0.107" /><testcase classname="backend.tests.backend_test.TestUsersCRUD" name="test_list_users_requires_admin" time="0.000"><error message="failed on setup with &quot;AssertionError: Logistica login failed: 401 {&quot;detail&quot;:&quot;Credenciales inválidas&quot;}&#10;assert 401 == 200&#10; +  where 401 = &lt;Response [401]&gt;.status_code&quot;">backend/tests/backend_test.py:50: in logistica_token
    assert r.status_code == 200, f"Logistica login failed: {r.status_code} {r.text}"
E   AssertionError: Logistica login failed: 401 {"detail":"Credenciales inválidas"}
E   assert 401 == 200
E    +  where 401 = &lt;Response [401]&gt;.status_code</error></testcase><testcase classname="backend.tests.backend_test.TestUsersCRUD" name="test_create_update_delete_user" time="0.745" /><testcase classname="backend.tests.backend_test.TestInvoices" name="test_logistica_forbidden" time="0.000"><error message="failed on setup with &quot;AssertionError: Logistica login failed: 401 {&quot;detail&quot;:&quot;Credenciales inválidas&quot;}&#10;assert 401 == 200&#10; +  where 401 = &lt;Response [401]&gt;.status_code&quot;">backend/tests/backend_test.py:50: in logistica_token
    assert r.status_code == 200, f"Logistica login failed: {r.status_code} {r.text}"
E   AssertionError: Logistica login failed: 401 {"detail":"Credenciales inválidas"}
E   assert 401 == 200
E    +  where 401 = &lt;Response [401]&gt;.status_code</error></testcase><testcase classname="backend.tests.backend_test.TestInvoices" name="test_admin_list" time="0.115" /><testcase classname="backend.tests.backend_test.TestInvoices" name="test_administrador_tenant_filter" time="0.101"><error message="failed on setup with &quot;assert 401 == 200&#10; +  where 401 = &lt;Response [401]&gt;.status_code&quot;">backend/tests/backend_test.py:64: in administrador_token
    assert r.status_code == 200
E   assert 401 == 200
E    +  where 401 = &lt;Response [401]&gt;.status_code</error></testcase><testcase classname="backend.tests.backend_test.TestInvoices" name="test_create_update_delete_invoice" time="0.309" /><testcase classname="backend.tests.backend_test.TestControlRequests" name="test_contabilidad_forbidden" time="0.108"><error message="failed on setup with &quot;assert 401 == 200&#10; +  where 401 = &lt;Response [401]&gt;.status_code&quot;">backend/tests/backend_test.py:57: in contabilidad_token
    assert r.status_code == 200
E   assert 401 == 200
E    +  where 401 = &lt;Response [401]&gt;.status_code</error></testcase><testcase classname="backend.tests.backend_test.TestControlRequests" name="test_logistica_can_list_and_create" time="0.000"><error message="failed on setup with &quot;AssertionError: Logistica login failed: 401 {&quot;detail&quot;:&quot;Credenciales inválidas&quot;}&#10;assert 401 == 200&#10; +  where 401 = &lt;Response [401]&gt;.status_code&quot;">backend/tests/backend_test.py:50: in logistica_token
    assert r.status_code == 200, f"Logistica login failed: {r.status_code} {r.text}"
E   AssertionError: Logistica login failed: 401 {"detail":"Credenciales inválidas"}
E   assert 401 == 200
E    +  where 401 = &lt;Response [401]&gt;.status_code</error></testcase><testcase classname="backend.tests.backend_test.TestCourses" name="test_list_courses" time="0.101" /><testcase classname="backend.tests.backend_test.TestCourses" name="test_submit_course" time="0.000"><error message="failed on setup with &quot;AssertionError: Logistica login failed: 401 {&quot;detail&quot;:&quot;Credenciales inválidas&quot;}&#10;assert 401 == 200&#10; +  where 401 = &lt;Response [401]&gt;.status_code&quot;">backend/tests/backend_test.py:50: in logistica_token
    assert r.status_code == 200, f"Logistica login failed: {r.status_code} {r.text}"
E   AssertionError: Logistica login failed: 401 {"detail":"Credenciales inválidas"}
E   assert 401 == 200
E    +  where 401 = &lt;Response [401]&gt;.status_code</error></testcase><testcase classname="backend.tests.backend_test.TestUpload" name="test_upload_csv_inserts" time="0.248" /><testcase classname="backend.tests.backend_test.TestUpload" name="test_upload_requires_admin" time="0.000"><error message="failed on setup with &quot;AssertionError: Logistica login failed: 401 {&quot;detail&quot;:&quot;Credenciales inválidas&quot;}&#10;assert 401 == 200&#10; +  where 401 = &lt;Response [401]&gt;.status_code&quot;">backend/tests/backend_test.py:50: in logistica_token
    assert r.status_code == 200, f"Logistica login failed: {r.status_code} {r.text}"
E   AssertionError: Logistica login failed: 401 {"detail":"Credenciales inválidas"}
E   assert 401 == 200
E    +  where 401 = &lt;Response [401]&gt;.status_code</error></testcase></testsuite></testsuites>