<?xml version="1.0" encoding="utf-8"?><testsuites name="pytest tests"><testsuite name="pytest" errors="0" failures="0" skipped="0" tests="10" time="2.937" timestamp="2026-04-25T16:01:07.522368+00:00" hostname="agent-env-9ceebdef-3812-419a-8344-4fa013f5d0be"><testcase classname="backend.tests.test_qr_dashboard.TestDashboardGasto" name="test_consumo_ciudad_has_gasto" time="0.568" /><testcase classname="backend.tests.test_qr_dashboard.TestDashboardGasto" name="test_consumo_estacion_has_gasto" time="0.127" /><testcase classname="backend.tests.test_qr_dashboard.TestQRBulk" name="test_non_admin_cannot_upload" time="0.500" /><testcase classname="backend.tests.test_qr_dashboard.TestQRBulk" name="test_admin_bulk_upload" time="0.152" /><testcase classname="backend.tests.test_qr_dashboard.TestQRBulk" name="test_qr_list_admin_filtered_by_empresa" time="0.109" /><testcase classname="backend.tests.test_qr_dashboard.TestQRBulk" name="test_qr_list_tenant_isolation" time="0.629" /><testcase classname="backend.tests.test_qr_dashboard.TestQRBulk" name="test_qr_download_lima_user" time="0.173" /><testcase classname="backend.tests.test_qr_dashboard.TestQRBulk" name="test_qr_download_other_tenant_404" time="0.111" /><testcase classname="backend.tests.test_qr_dashboard.TestQRBulk" name="test_admin_delete_qr" time="0.319" /><testcase classname="backend.tests.test_qr_dashboard.TestQRBulk" name="test_delete_unknown_placa_404" time="0.159" /></testsuite></testsuites>